GROUP,PACKAGE,CLASS,INSTRUCTION_MISSED,INSTRUCTION_COVERED,BRANCH_MISSED,BRANCH_COVERED,LINE_MISSED,LINE_COVERED,COMPLEXITY_MISSED,COMPLEXITY_COVERED,METHOD_MISSED,METHOD_COVERED
DealsServiceUser,com.cg.model,Deals,44,0,0,0,17,0,9,0,9,0
DealsServiceUser,com.cg.service,DealsServiceImpl,62,0,6,0,16,0,8,0,5,0
DealsServiceUser,com.cg.exception,NameNotFoundException,7,0,0,0,4,0,2,0,2,0
DealsServiceUser,com.cg.exception,GlobalExceptionHandler,24,0,0,0,4,0,4,0,4,0
DealsServiceUser,com.cg.exception,DealsIdNotFound,7,0,0,0,4,0,2,0,2,0
DealsServiceUser,com.cg.exception,DealsAlreadyExistsException,7,0,0,0,4,0,2,0,2,0
DealsServiceUser,com.cg,DealsServiceApplication,8,0,0,0,3,0,2,0,2,0
DealsServiceUser,com.cg.controller,DealsServiceController,28,0,0,0,6,0,4,0,4,0
