-------------------------------------------------------------------------------
Test set: com.cg.service.ProductServiceTest
-------------------------------------------------------------------------------
Tests run: 1, Failures: 1, Errors: 0, Skipped: 0, Time elapsed: 0.002 sec <<< FAILURE! - in com.cg.service.ProductServiceTest
com.cg.service.ProductServiceTest.testGetAllAgencys()  Time elapsed: 0.001 sec  <<< FAILURE!
java.lang.NullPointerException: Cannot invoke "com.cg.repository.ProductRepository.save(Object)" because "this.dr" is null
	at com.cg.service.ProductServiceTest.testGetAllAgencys(ProductServiceTest.java:51)

