<?xml version="1.0" encoding="UTF-8"?>
<testsuite xmlns:xsi="http://www.w3.org/2001/XMLSchema-instance" xsi:schemaLocation="https://maven.apache.org/surefire/maven-surefire-plugin/xsd/surefire-test-report.xsd" name="com.cg.service.ProductServiceTest" time="0.002" tests="1" errors="0" skipped="0" failures="1">
  <properties>
[...]
</properties>
  <testcase name="com.cg.service.ProductServiceTest.testGetAllAgencys" classname="com.cg.service.ProductServiceTest" time="0.001">
    <failure message="Cannot invoke &quot;com.cg.repository.ProductRepository.save(Object)&quot; because &quot;this.dr&quot; is null" type="java.lang.NullPointerException">java.lang.NullPointerException: Cannot invoke "com.cg.repository.ProductRepository.save(Object)" because "this.dr" is null
	at com.cg.service.ProductServiceTest.testGetAllAgencys(ProductServiceTest.java:51)
</failure>
  </testcase>
</testsuite>